<?xml version="1.0" encoding="UTF-8"?>
<testng-results ignored="0" total="3" passed="3" failed="0" skipped="0">
  <reporter-output>
  </reporter-output>
  <suite started-at="2023-02-09T14:36:29 IST" name="Default suite" finished-at="2023-02-09T14:36:29 IST" duration-ms="152">
    <groups>
    </groups>
    <test started-at="2023-02-09T14:36:29 IST" name="Default test" finished-at="2023-02-09T14:36:29 IST" duration-ms="152">
      <class name="abc.TestNg">
        <test-method signature="test2()[pri:-1, instance:abc.TestNg@524d6d96]" started-at="2023-02-09T14:36:29 IST" name="test2" finished-at="2023-02-09T14:36:29 IST" duration-ms="14" status="PASS">
          <reporter-output>
          </reporter-output>
        </test-method> <!-- test2 -->
        <test-method signature="test()[pri:0, instance:abc.TestNg@524d6d96]" started-at="2023-02-09T14:36:29 IST" name="test" finished-at="2023-02-09T14:36:29 IST" duration-ms="5" status="PASS">
          <reporter-output>
          </reporter-output>
        </test-method> <!-- test -->
        <test-method signature="test1()[pri:0, instance:abc.TestNg@524d6d96]" started-at="2023-02-09T14:36:29 IST" name="test1" finished-at="2023-02-09T14:36:29 IST" duration-ms="4" status="PASS">
          <reporter-output>
          </reporter-output>
        </test-method> <!-- test1 -->
      </class> <!-- abc.TestNg -->
    </test> <!-- Default test -->
  </suite> <!-- Default suite -->
</testng-results>
