<?xml version="1.0" encoding="UTF-8"?>
<testng-results ignored="0" total="5" passed="5" failed="0" skipped="0">
  <reporter-output>
  </reporter-output>
  <suite started-at="2023-02-10T10:38:49 IST" name="Default suite" finished-at="2023-02-10T10:38:49 IST" duration-ms="156">
    <groups>
    </groups>
    <test started-at="2023-02-10T10:38:49 IST" name="Default test" finished-at="2023-02-10T10:38:49 IST" duration-ms="156">
      <class name="test.weekdays">
        <test-method is-config="true" signature="launch()[pri:0, instance:test.weekdays@1ba9117e]" started-at="2023-02-10T10:38:49 IST" name="launch" finished-at="2023-02-10T10:38:49 IST" duration-ms="13" status="PASS">
          <reporter-output>
          </reporter-output>
        </test-method> <!-- launch -->
        <test-method signature="da()[pri:0, instance:test.weekdays@1ba9117e]" started-at="2023-02-10T10:38:49 IST" name="da" finished-at="2023-02-10T10:38:49 IST" duration-ms="8" status="PASS">
          <reporter-output>
          </reporter-output>
        </test-method> <!-- da -->
        <test-method signature="daam()[pri:0, instance:test.weekdays@1ba9117e]" started-at="2023-02-10T10:38:49 IST" name="daam" finished-at="2023-02-10T10:38:49 IST" duration-ms="3" status="PASS">
          <reporter-output>
          </reporter-output>
        </test-method> <!-- daam -->
        <test-method signature="day()[pri:-1, instance:test.weekdays@1ba9117e]" started-at="2023-02-10T10:38:49 IST" name="day" finished-at="2023-02-10T10:38:49 IST" depends-on-methods="test.weekdays.daam, test.weekdays.da" duration-ms="5" status="PASS">
          <reporter-output>
          </reporter-output>
        </test-method> <!-- day -->
        <test-method signature="dayz()[pri:0, instance:test.weekdays@1ba9117e]" started-at="2023-02-10T10:38:49 IST" name="dayz" finished-at="2023-02-10T10:38:49 IST" duration-ms="5" status="PASS">
          <reporter-output>
          </reporter-output>
        </test-method> <!-- dayz -->
        <test-method signature="don()[pri:0, instance:test.weekdays@1ba9117e]" started-at="2023-02-10T10:38:49 IST" name="don" finished-at="2023-02-10T10:38:49 IST" duration-ms="9" status="PASS">
          <reporter-output>
          </reporter-output>
        </test-method> <!-- don -->
        <test-method is-config="true" signature="logout()[pri:0, instance:test.weekdays@1ba9117e]" started-at="2023-02-10T10:38:49 IST" name="logout" finished-at="2023-02-10T10:38:49 IST" duration-ms="0" status="PASS">
          <reporter-output>
          </reporter-output>
        </test-method> <!-- logout -->
      </class> <!-- test.weekdays -->
    </test> <!-- Default test -->
  </suite> <!-- Default suite -->
</testng-results>
