<?xml version="1.0" encoding="UTF-8"?>
<testng-results ignored="0" total="2" passed="2" failed="0" skipped="0">
  <reporter-output>
  </reporter-output>
  <suite started-at="2023-02-05T01:38:55 IST" name="Default suite" finished-at="2023-02-05T01:39:25 IST" duration-ms="29142">
    <groups>
    </groups>
    <test started-at="2023-02-05T01:38:55 IST" name="Default test" finished-at="2023-02-05T01:39:25 IST" duration-ms="29142">
      <class name="com.hi.test.FirstTest">
        <test-method signature="testGoogal()[pri:0, instance:com.hi.test.FirstTest@56cdfb3b]" started-at="2023-02-05T01:38:56 IST" name="testGoogal" finished-at="2023-02-05T01:39:07 IST" duration-ms="11957" status="PASS">
          <reporter-output>
          </reporter-output>
        </test-method> <!-- testGoogal -->
        <test-method signature="testYoutube()[pri:0, instance:com.hi.test.FirstTest@56cdfb3b]" started-at="2023-02-05T01:39:08 IST" name="testYoutube" finished-at="2023-02-05T01:39:25 IST" duration-ms="17081" status="PASS">
          <reporter-output>
          </reporter-output>
        </test-method> <!-- testYoutube -->
      </class> <!-- com.hi.test.FirstTest -->
    </test> <!-- Default test -->
  </suite> <!-- Default suite -->
</testng-results>
