<?xml version="1.0" encoding="UTF-8"?>
<!-- Generated by org.testng.reporters.JUnitXMLReporter -->
<testsuite ignored="0" hostname="DESKTOP-RRPSJ5H" failures="0" tests="5" name="Default test" time="0.156" errors="0" timestamp="2023-02-10T10:38:49 IST">
  <testcase classname="test.weekdays" name="da" time="0.008"/>
  <testcase classname="test.weekdays" name="daam" time="0.003"/>
  <testcase classname="test.weekdays" name="day" time="0.005"/>
  <testcase classname="test.weekdays" name="dayz" time="0.005"/>
  <testcase classname="test.weekdays" name="don" time="0.009"/>
</testsuite> <!-- Default test -->
